Build started 16/06/2015 06:10:34 a.m..
     1>Project "C:\Users\Chavas\Source\Workspaces\Workspace\TercerProyecto\GrafoConsola\GrafoConsola\GrafoConsola.vcxproj" on node 2 (Build target(s)).
     1>ClCompile:
         C:\Program Files\Microsoft Visual Studio 12.0\VC\bin\CL.exe /c /ZI /nologo /W3 /WX- /sdl /Od /Oy- /D WIN32 /D _DEBUG /D _CONSOLE /D _LIB /D _UNICODE /D UNICODE /Gm /EHsc /RTC1 /MDd /GS /fp:precise /Zc:wchar_t /Zc:forScope /Fo"Debug\\" /Fd"Debug\vc120.pdb" /Gd /TP /analyze- /errorReport:prompt ..\..\TecerProyectoDatos\TecerProyectoDatos\Grafo.cpp
         Grafo.cpp
       Link:
         C:\Program Files\Microsoft Visual Studio 12.0\VC\bin\link.exe /ERRORREPORT:PROMPT /OUT:"C:\Users\Chavas\Source\Workspaces\Workspace\TercerProyecto\GrafoConsola\Debug\GrafoConsola.exe" /INCREMENTAL /NOLOGO kernel32.lib user32.lib gdi32.lib winspool.lib comdlg32.lib advapi32.lib shell32.lib ole32.lib oleaut32.lib uuid.lib odbc32.lib odbccp32.lib /MANIFEST /MANIFESTUAC:"level='asInvoker' uiAccess='false'" /manifest:embed /DEBUG /PDB:"C:\Users\Chavas\Source\Workspaces\Workspace\TercerProyecto\GrafoConsola\Debug\GrafoConsola.pdb" /SUBSYSTEM:CONSOLE /TLBID:1 /DYNAMICBASE /NXCOMPAT /IMPLIB:"C:\Users\Chavas\Source\Workspaces\Workspace\TercerProyecto\GrafoConsola\Debug\GrafoConsola.lib" /MACHINE:X86 Debug\AdministradorArchivo.obj
         Debug\Arco.obj
         Debug\Cola.obj
         Debug\Conversor.obj
         Debug\Grafo.obj
         Debug\InterpreteASCII.obj
         Debug\LectorArchivo.obj
         Debug\ListaSimple.obj
         Debug\NodoLista.obj
         Debug\Pila.obj
         Debug\Vertice.obj
         Debug\Main.obj
         GrafoConsola.vcxproj -> C:\Users\Chavas\Source\Workspaces\Workspace\TercerProyecto\GrafoConsola\Debug\GrafoConsola.exe
     1>Done Building Project "C:\Users\Chavas\Source\Workspaces\Workspace\TercerProyecto\GrafoConsola\GrafoConsola\GrafoConsola.vcxproj" (Build target(s)).

Build succeeded.

Time Elapsed 00:00:01.33
